{"/Users/alessandralocatelli/part1/bloglist-frontend/src/App.jsx": {"path":"/Users/alessandralocatelli/part1/bloglist-frontend/src/App.jsx","statementMap":{"0":{"start":{"line":12,"column":12},"end":{"line":248,"column":1}},"1":{"start":{"line":15,"column":28},"end":{"line":15,"column":40}},"2":{"start":{"line":16,"column":28},"end":{"line":16,"column":40}},"3":{"start":{"line":17,"column":30},"end":{"line":17,"column":42}},"4":{"start":{"line":18,"column":24},"end":{"line":18,"column":36}},"5":{"start":{"line":19,"column":26},"end":{"line":19,"column":53}},"6":{"start":{"line":20,"column":34},"end":{"line":20,"column":46}},"7":{"start":{"line":21,"column":34},"end":{"line":21,"column":46}},"8":{"start":{"line":22,"column":26},"end":{"line":22,"column":40}},"9":{"start":{"line":27,"column":2},"end":{"line":37,"column":8}},"10":{"start":{"line":29,"column":4},"end":{"line":34,"column":8}},"11":{"start":{"line":32,"column":8},"end":{"line":32,"column":23}},"12":{"start":{"line":39,"column":2},"end":{"line":50,"column":8}},"13":{"start":{"line":42,"column":6},"end":{"line":42,"column":54}},"14":{"start":{"line":43,"column":4},"end":{"line":47,"column":5}},"15":{"start":{"line":44,"column":19},"end":{"line":44,"column":45}},"16":{"start":{"line":45,"column":6},"end":{"line":45,"column":19}},"17":{"start":{"line":46,"column":6},"end":{"line":46,"column":38}},"18":{"start":{"line":55,"column":21},"end":{"line":64,"column":3}},"19":{"start":{"line":57,"column":4},"end":{"line":57,"column":30}},"20":{"start":{"line":58,"column":4},"end":{"line":62,"column":12}},"21":{"start":{"line":60,"column":6},"end":{"line":60,"column":32}},"22":{"start":{"line":69,"column":22},"end":{"line":86,"column":3}},"23":{"start":{"line":70,"column":4},"end":{"line":70,"column":26}},"24":{"start":{"line":71,"column":4},"end":{"line":85,"column":5}},"25":{"start":{"line":73,"column":19},"end":{"line":73,"column":67}},"26":{"start":{"line":74,"column":6},"end":{"line":74,"column":76}},"27":{"start":{"line":75,"column":6},"end":{"line":75,"column":38}},"28":{"start":{"line":76,"column":6},"end":{"line":76,"column":19}},"29":{"start":{"line":77,"column":6},"end":{"line":77,"column":21}},"30":{"start":{"line":78,"column":6},"end":{"line":78,"column":21}},"31":{"start":{"line":81,"column":6},"end":{"line":81,"column":55}},"32":{"start":{"line":82,"column":6},"end":{"line":84,"column":14}},"33":{"start":{"line":83,"column":8},"end":{"line":83,"column":34}},"34":{"start":{"line":89,"column":23},"end":{"line":94,"column":3}},"35":{"start":{"line":91,"column":4},"end":{"line":91,"column":26}},"36":{"start":{"line":92,"column":4},"end":{"line":92,"column":17}},"37":{"start":{"line":93,"column":4},"end":{"line":93,"column":55}},"38":{"start":{"line":97,"column":19},"end":{"line":108,"column":3}},"39":{"start":{"line":98,"column":4},"end":{"line":107,"column":16}},"40":{"start":{"line":110,"column":27},"end":{"line":121,"column":3}},"41":{"start":{"line":111,"column":4},"end":{"line":111,"column":26}},"42":{"start":{"line":112,"column":28},"end":{"line":112,"column":40}},"43":{"start":{"line":114,"column":4},"end":{"line":120,"column":5}},"44":{"start":{"line":115,"column":6},"end":{"line":115,"column":22}},"45":{"start":{"line":116,"column":11},"end":{"line":120,"column":5}},"46":{"start":{"line":117,"column":6},"end":{"line":117,"column":23}},"47":{"start":{"line":118,"column":11},"end":{"line":120,"column":5}},"48":{"start":{"line":119,"column":6},"end":{"line":119,"column":19}},"49":{"start":{"line":124,"column":18},"end":{"line":150,"column":3}},"50":{"start":{"line":125,"column":4},"end":{"line":125,"column":26}},"51":{"start":{"line":127,"column":23},"end":{"line":131,"column":5}},"52":{"start":{"line":133,"column":4},"end":{"line":145,"column":8}},"53":{"start":{"line":135,"column":8},"end":{"line":135,"column":44}},"54":{"start":{"line":137,"column":8},"end":{"line":137,"column":93}},"55":{"start":{"line":138,"column":8},"end":{"line":140,"column":17}},"56":{"start":{"line":139,"column":10},"end":{"line":139,"column":36}},"57":{"start":{"line":143,"column":8},"end":{"line":143,"column":50}},"58":{"start":{"line":144,"column":8},"end":{"line":144,"column":73}},"59":{"start":{"line":147,"column":4},"end":{"line":147,"column":16}},"60":{"start":{"line":148,"column":4},"end":{"line":148,"column":17}},"61":{"start":{"line":149,"column":4},"end":{"line":149,"column":14}},"62":{"start":{"line":152,"column":21},"end":{"line":169,"column":5}},"63":{"start":{"line":154,"column":15},"end":{"line":154,"column":68}},"64":{"start":{"line":156,"column":4},"end":{"line":168,"column":5}},"65":{"start":{"line":158,"column":6},"end":{"line":158,"column":38}},"66":{"start":{"line":160,"column":6},"end":{"line":165,"column":8}},"67":{"start":{"line":163,"column":6},"end":{"line":163,"column":52}},"68":{"start":{"line":163,"column":34},"end":{"line":163,"column":50}},"69":{"start":{"line":164,"column":6},"end":{"line":164,"column":28}},"70":{"start":{"line":171,"column":24},"end":{"line":193,"column":5}},"71":{"start":{"line":172,"column":6},"end":{"line":192,"column":7}},"72":{"start":{"line":173,"column":8},"end":{"line":173,"column":40}},"73":{"start":{"line":175,"column":28},"end":{"line":178,"column":9}},"74":{"start":{"line":180,"column":8},"end":{"line":188,"column":12}},"75":{"start":{"line":182,"column":12},"end":{"line":184,"column":13}},"76":{"start":{"line":183,"column":14},"end":{"line":183,"column":71}},"77":{"start":{"line":183,"column":36},"end":{"line":183,"column":69}},"78":{"start":{"line":187,"column":12},"end":{"line":187,"column":58}},"79":{"start":{"line":191,"column":8},"end":{"line":191,"column":54}},"80":{"start":{"line":200,"column":3},"end":{"line":226,"column":3}},"81":{"start":{"line":201,"column":4},"end":{"line":225,"column":5}},"82":{"start":{"line":211,"column":40},"end":{"line":211,"column":65}},"83":{"start":{"line":219,"column":40},"end":{"line":219,"column":65}},"84":{"start":{"line":228,"column":2},"end":{"line":244,"column":3}},"85":{"start":{"line":235,"column":23},"end":{"line":235,"column":40}},"86":{"start":{"line":237,"column":8},"end":{"line":237,"column":111}}},"fnMap":{"0":{"name":"(anonymous_0)","decl":{"start":{"line":12,"column":12},"end":{"line":12,"column":13}},"loc":{"start":{"line":12,"column":18},"end":{"line":248,"column":1}},"line":12},"1":{"name":"(anonymous_1)","decl":{"start":{"line":27,"column":12},"end":{"line":27,"column":13}},"loc":{"start":{"line":27,"column":18},"end":{"line":37,"column":3}},"line":27},"2":{"name":"(anonymous_2)","decl":{"start":{"line":31,"column":12},"end":{"line":31,"column":13}},"loc":{"start":{"line":31,"column":21},"end":{"line":34,"column":7}},"line":31},"3":{"name":"(anonymous_3)","decl":{"start":{"line":39,"column":12},"end":{"line":39,"column":13}},"loc":{"start":{"line":39,"column":18},"end":{"line":50,"column":3}},"line":39},"4":{"name":"(anonymous_4)","decl":{"start":{"line":55,"column":21},"end":{"line":55,"column":22}},"loc":{"start":{"line":55,"column":49},"end":{"line":64,"column":3}},"line":55},"5":{"name":"(anonymous_5)","decl":{"start":{"line":58,"column":15},"end":{"line":58,"column":16}},"loc":{"start":{"line":58,"column":21},"end":{"line":62,"column":5}},"line":58},"6":{"name":"(anonymous_6)","decl":{"start":{"line":69,"column":22},"end":{"line":69,"column":23}},"loc":{"start":{"line":69,"column":39},"end":{"line":86,"column":3}},"line":69},"7":{"name":"(anonymous_7)","decl":{"start":{"line":82,"column":17},"end":{"line":82,"column":18}},"loc":{"start":{"line":82,"column":23},"end":{"line":84,"column":7}},"line":82},"8":{"name":"(anonymous_8)","decl":{"start":{"line":89,"column":23},"end":{"line":89,"column":24}},"loc":{"start":{"line":89,"column":40},"end":{"line":94,"column":3}},"line":89},"9":{"name":"(anonymous_9)","decl":{"start":{"line":97,"column":19},"end":{"line":97,"column":20}},"loc":{"start":{"line":98,"column":4},"end":{"line":107,"column":16}},"line":98},"10":{"name":"(anonymous_10)","decl":{"start":{"line":110,"column":27},"end":{"line":110,"column":28}},"loc":{"start":{"line":110,"column":38},"end":{"line":121,"column":3}},"line":110},"11":{"name":"(anonymous_11)","decl":{"start":{"line":124,"column":18},"end":{"line":124,"column":19}},"loc":{"start":{"line":124,"column":29},"end":{"line":150,"column":3}},"line":124},"12":{"name":"(anonymous_12)","decl":{"start":{"line":134,"column":12},"end":{"line":134,"column":13}},"loc":{"start":{"line":134,"column":28},"end":{"line":141,"column":7}},"line":134},"13":{"name":"(anonymous_13)","decl":{"start":{"line":138,"column":19},"end":{"line":138,"column":20}},"loc":{"start":{"line":138,"column":25},"end":{"line":140,"column":9}},"line":138},"14":{"name":"(anonymous_14)","decl":{"start":{"line":142,"column":13},"end":{"line":142,"column":14}},"loc":{"start":{"line":142,"column":22},"end":{"line":145,"column":7}},"line":142},"15":{"name":"(anonymous_15)","decl":{"start":{"line":152,"column":21},"end":{"line":152,"column":22}},"loc":{"start":{"line":152,"column":31},"end":{"line":169,"column":5}},"line":152},"16":{"name":"(anonymous_16)","decl":{"start":{"line":162,"column":12},"end":{"line":162,"column":13}},"loc":{"start":{"line":162,"column":18},"end":{"line":165,"column":7}},"line":162},"17":{"name":"(anonymous_17)","decl":{"start":{"line":163,"column":29},"end":{"line":163,"column":30}},"loc":{"start":{"line":163,"column":34},"end":{"line":163,"column":50}},"line":163},"18":{"name":"(anonymous_18)","decl":{"start":{"line":171,"column":24},"end":{"line":171,"column":25}},"loc":{"start":{"line":171,"column":34},"end":{"line":193,"column":5}},"line":171},"19":{"name":"(anonymous_19)","decl":{"start":{"line":181,"column":16},"end":{"line":181,"column":17}},"loc":{"start":{"line":181,"column":29},"end":{"line":185,"column":11}},"line":181},"20":{"name":"(anonymous_20)","decl":{"start":{"line":182,"column":21},"end":{"line":182,"column":22}},"loc":{"start":{"line":183,"column":14},"end":{"line":183,"column":71}},"line":183},"21":{"name":"(anonymous_21)","decl":{"start":{"line":183,"column":28},"end":{"line":183,"column":29}},"loc":{"start":{"line":183,"column":36},"end":{"line":183,"column":69}},"line":183},"22":{"name":"(anonymous_22)","decl":{"start":{"line":186,"column":17},"end":{"line":186,"column":18}},"loc":{"start":{"line":186,"column":28},"end":{"line":188,"column":11}},"line":186},"23":{"name":"(anonymous_23)","decl":{"start":{"line":211,"column":24},"end":{"line":211,"column":25}},"loc":{"start":{"line":211,"column":40},"end":{"line":211,"column":65}},"line":211},"24":{"name":"(anonymous_24)","decl":{"start":{"line":219,"column":24},"end":{"line":219,"column":25}},"loc":{"start":{"line":219,"column":40},"end":{"line":219,"column":65}},"line":219},"25":{"name":"(anonymous_25)","decl":{"start":{"line":235,"column":13},"end":{"line":235,"column":14}},"loc":{"start":{"line":235,"column":23},"end":{"line":235,"column":40}},"line":235},"26":{"name":"(anonymous_26)","decl":{"start":{"line":236,"column":11},"end":{"line":236,"column":12}},"loc":{"start":{"line":237,"column":8},"end":{"line":237,"column":111}},"line":237}},"branchMap":{"0":{"loc":{"start":{"line":43,"column":4},"end":{"line":47,"column":5}},"type":"if","locations":[{"start":{"line":43,"column":4},"end":{"line":47,"column":5}},{"start":{},"end":{}}],"line":43},"1":{"loc":{"start":{"line":55,"column":31},"end":{"line":55,"column":44}},"type":"default-arg","locations":[{"start":{"line":55,"column":38},"end":{"line":55,"column":44}}],"line":55},"2":{"loc":{"start":{"line":114,"column":4},"end":{"line":120,"column":5}},"type":"if","locations":[{"start":{"line":114,"column":4},"end":{"line":120,"column":5}},{"start":{"line":116,"column":11},"end":{"line":120,"column":5}}],"line":114},"3":{"loc":{"start":{"line":116,"column":11},"end":{"line":120,"column":5}},"type":"if","locations":[{"start":{"line":116,"column":11},"end":{"line":120,"column":5}},{"start":{"line":118,"column":11},"end":{"line":120,"column":5}}],"line":116},"4":{"loc":{"start":{"line":118,"column":11},"end":{"line":120,"column":5}},"type":"if","locations":[{"start":{"line":118,"column":11},"end":{"line":120,"column":5}},{"start":{},"end":{}}],"line":118},"5":{"loc":{"start":{"line":156,"column":4},"end":{"line":168,"column":5}},"type":"if","locations":[{"start":{"line":156,"column":4},"end":{"line":168,"column":5}},{"start":{},"end":{}}],"line":156},"6":{"loc":{"start":{"line":183,"column":36},"end":{"line":183,"column":69}},"type":"cond-expr","locations":[{"start":{"line":183,"column":58},"end":{"line":183,"column":65}},{"start":{"line":183,"column":68},"end":{"line":183,"column":69}}],"line":183},"7":{"loc":{"start":{"line":200,"column":3},"end":{"line":226,"column":3}},"type":"if","locations":[{"start":{"line":200,"column":3},"end":{"line":226,"column":3}},{"start":{},"end":{}}],"line":200}},"s":{"0":0,"1":0,"2":0,"3":0,"4":0,"5":0,"6":0,"7":0,"8":0,"9":0,"10":0,"11":0,"12":0,"13":0,"14":0,"15":0,"16":0,"17":0,"18":0,"19":0,"20":0,"21":0,"22":0,"23":0,"24":0,"25":0,"26":0,"27":0,"28":0,"29":0,"30":0,"31":0,"32":0,"33":0,"34":0,"35":0,"36":0,"37":0,"38":0,"39":0,"40":0,"41":0,"42":0,"43":0,"44":0,"45":0,"46":0,"47":0,"48":0,"49":0,"50":0,"51":0,"52":0,"53":0,"54":0,"55":0,"56":0,"57":0,"58":0,"59":0,"60":0,"61":0,"62":0,"63":0,"64":0,"65":0,"66":0,"67":0,"68":0,"69":0,"70":0,"71":0,"72":0,"73":0,"74":0,"75":0,"76":0,"77":0,"78":0,"79":0,"80":0,"81":0,"82":0,"83":0,"84":0,"85":0,"86":0},"f":{"0":0,"1":0,"2":0,"3":0,"4":0,"5":0,"6":0,"7":0,"8":0,"9":0,"10":0,"11":0,"12":0,"13":0,"14":0,"15":0,"16":0,"17":0,"18":0,"19":0,"20":0,"21":0,"22":0,"23":0,"24":0,"25":0,"26":0},"b":{"0":[0,0],"1":[0],"2":[0,0],"3":[0,0],"4":[0,0],"5":[0,0],"6":[0,0],"7":[0,0]}}
,"/Users/alessandralocatelli/part1/bloglist-frontend/src/main.jsx": {"path":"/Users/alessandralocatelli/part1/bloglist-frontend/src/main.jsx","statementMap":{"0":{"start":{"line":4,"column":0},"end":{"line":4,"column":68}}},"fnMap":{},"branchMap":{},"s":{"0":0},"f":{},"b":{}}
,"/Users/alessandralocatelli/part1/bloglist-frontend/src/components/Blog.jsx": {"path":"/Users/alessandralocatelli/part1/bloglist-frontend/src/components/Blog.jsx","statementMap":{"0":{"start":{"line":4,"column":13},"end":{"line":43,"column":2}},"1":{"start":{"line":5,"column":20},"end":{"line":11,"column":3}},"2":{"start":{"line":15,"column":40},"end":{"line":15,"column":55}},"3":{"start":{"line":16,"column":26},"end":{"line":16,"column":63}},"4":{"start":{"line":17,"column":26},"end":{"line":17,"column":64}},"5":{"start":{"line":19,"column":27},"end":{"line":23,"column":3}},"6":{"start":{"line":21,"column":4},"end":{"line":21,"column":32}},"7":{"start":{"line":26,"column":2},"end":{"line":43,"column":1}},"8":{"start":{"line":36,"column":54},"end":{"line":36,"column":71}},"9":{"start":{"line":38,"column":31},"end":{"line":38,"column":47}}},"fnMap":{"0":{"name":"(anonymous_0)","decl":{"start":{"line":4,"column":13},"end":{"line":4,"column":14}},"loc":{"start":{"line":4,"column":55},"end":{"line":43,"column":2}},"line":4},"1":{"name":"(anonymous_1)","decl":{"start":{"line":19,"column":27},"end":{"line":19,"column":28}},"loc":{"start":{"line":19,"column":33},"end":{"line":23,"column":3}},"line":19},"2":{"name":"(anonymous_2)","decl":{"start":{"line":36,"column":48},"end":{"line":36,"column":49}},"loc":{"start":{"line":36,"column":54},"end":{"line":36,"column":71}},"line":36},"3":{"name":"(anonymous_3)","decl":{"start":{"line":38,"column":25},"end":{"line":38,"column":26}},"loc":{"start":{"line":38,"column":31},"end":{"line":38,"column":47}},"line":38}},"branchMap":{"0":{"loc":{"start":{"line":16,"column":37},"end":{"line":16,"column":62}},"type":"cond-expr","locations":[{"start":{"line":16,"column":51},"end":{"line":16,"column":57}},{"start":{"line":16,"column":60},"end":{"line":16,"column":62}}],"line":16},"1":{"loc":{"start":{"line":17,"column":37},"end":{"line":17,"column":63}},"type":"cond-expr","locations":[{"start":{"line":17,"column":51},"end":{"line":17,"column":54}},{"start":{"line":17,"column":57},"end":{"line":17,"column":63}}],"line":17}},"s":{"0":1,"1":3,"2":3,"3":3,"4":3,"5":3,"6":0,"7":3,"8":0,"9":0},"f":{"0":3,"1":0,"2":0,"3":0},"b":{"0":[0,3],"1":[0,3]},"_coverageSchema":"1a1c01bbd47fc00a2c39e90264f33305004495a9","hash":"cffdeef94a1f584d1333286d975519ae26e24901"}
,"/Users/alessandralocatelli/part1/bloglist-frontend/src/components/BlogForm.jsx": {"path":"/Users/alessandralocatelli/part1/bloglist-frontend/src/components/BlogForm.jsx","statementMap":{"0":{"start":{"line":4,"column":17},"end":{"line":48,"column":1}},"1":{"start":{"line":13,"column":3},"end":{"line":47,"column":4}}},"fnMap":{"0":{"name":"(anonymous_0)","decl":{"start":{"line":4,"column":17},"end":{"line":4,"column":18}},"loc":{"start":{"line":11,"column":6},"end":{"line":48,"column":1}},"line":11}},"branchMap":{},"s":{"0":1,"1":1},"f":{"0":1},"b":{},"_coverageSchema":"1a1c01bbd47fc00a2c39e90264f33305004495a9","hash":"9b57235a7681e1ab5f551fbd3dacc6a8efd4c1fe"}
,"/Users/alessandralocatelli/part1/bloglist-frontend/src/components/Notification.jsx": {"path":"/Users/alessandralocatelli/part1/bloglist-frontend/src/components/Notification.jsx","statementMap":{"0":{"start":{"line":1,"column":21},"end":{"line":30,"column":5}},"1":{"start":{"line":3,"column":4},"end":{"line":7,"column":5}},"2":{"start":{"line":5,"column":6},"end":{"line":5,"column":12}},"3":{"start":{"line":9,"column":18},"end":{"line":17,"column":5}},"4":{"start":{"line":19,"column":4},"end":{"line":27,"column":5}}},"fnMap":{"0":{"name":"(anonymous_0)","decl":{"start":{"line":1,"column":21},"end":{"line":1,"column":22}},"loc":{"start":{"line":1,"column":33},"end":{"line":30,"column":5}},"line":1}},"branchMap":{"0":{"loc":{"start":{"line":3,"column":4},"end":{"line":7,"column":5}},"type":"if","locations":[{"start":{"line":3,"column":4},"end":{"line":7,"column":5}},{"start":{},"end":{}}],"line":3},"1":{"loc":{"start":{"line":10,"column":13},"end":{"line":10,"column":50}},"type":"cond-expr","locations":[{"start":{"line":10,"column":35},"end":{"line":10,"column":40}},{"start":{"line":10,"column":43},"end":{"line":10,"column":50}}],"line":10}},"s":{"0":0,"1":0,"2":0,"3":0,"4":0},"f":{"0":0},"b":{"0":[0,0],"1":[0,0]}}
,"/Users/alessandralocatelli/part1/bloglist-frontend/src/components/Togglable.jsx": {"path":"/Users/alessandralocatelli/part1/bloglist-frontend/src/components/Togglable.jsx","statementMap":{"0":{"start":{"line":4,"column":18},"end":{"line":31,"column":2}},"1":{"start":{"line":5,"column":32},"end":{"line":5,"column":47}},"2":{"start":{"line":7,"column":26},"end":{"line":7,"column":60}},"3":{"start":{"line":8,"column":26},"end":{"line":8,"column":60}},"4":{"start":{"line":10,"column":27},"end":{"line":12,"column":3}},"5":{"start":{"line":11,"column":4},"end":{"line":11,"column":24}},"6":{"start":{"line":14,"column":2},"end":{"line":18,"column":4}},"7":{"start":{"line":15,"column":4},"end":{"line":17,"column":5}},"8":{"start":{"line":20,"column":2},"end":{"line":30,"column":3}},"9":{"start":{"line":33,"column":0},"end":{"line":35,"column":1}},"10":{"start":{"line":37,"column":0},"end":{"line":37,"column":35}}},"fnMap":{"0":{"name":"(anonymous_0)","decl":{"start":{"line":4,"column":35},"end":{"line":4,"column":36}},"loc":{"start":{"line":4,"column":51},"end":{"line":31,"column":1}},"line":4},"1":{"name":"(anonymous_1)","decl":{"start":{"line":10,"column":27},"end":{"line":10,"column":28}},"loc":{"start":{"line":10,"column":33},"end":{"line":12,"column":3}},"line":10},"2":{"name":"(anonymous_2)","decl":{"start":{"line":14,"column":27},"end":{"line":14,"column":28}},"loc":{"start":{"line":14,"column":33},"end":{"line":18,"column":3}},"line":14}},"branchMap":{"0":{"loc":{"start":{"line":7,"column":37},"end":{"line":7,"column":58}},"type":"cond-expr","locations":[{"start":{"line":7,"column":47},"end":{"line":7,"column":53}},{"start":{"line":7,"column":56},"end":{"line":7,"column":58}}],"line":7},"1":{"loc":{"start":{"line":8,"column":37},"end":{"line":8,"column":58}},"type":"cond-expr","locations":[{"start":{"line":8,"column":47},"end":{"line":8,"column":49}},{"start":{"line":8,"column":52},"end":{"line":8,"column":58}}],"line":8}},"s":{"0":1,"1":7,"2":7,"3":7,"4":7,"5":3,"6":7,"7":0,"8":7,"9":1,"10":1},"f":{"0":7,"1":3,"2":0},"b":{"0":[2,5],"1":[2,5]},"_coverageSchema":"1a1c01bbd47fc00a2c39e90264f33305004495a9","hash":"c11494fcfda147e3daac98e3cdb03bf8d36c9fa7"}
,"/Users/alessandralocatelli/part1/bloglist-frontend/src/services/blogs.js": {"path":"/Users/alessandralocatelli/part1/bloglist-frontend/src/services/blogs.js","statementMap":{"0":{"start":{"line":2,"column":16},"end":{"line":2,"column":28}},"1":{"start":{"line":4,"column":12},"end":{"line":4,"column":16}},"2":{"start":{"line":6,"column":17},"end":{"line":10,"column":1}},"3":{"start":{"line":8,"column":2},"end":{"line":8,"column":30}},"4":{"start":{"line":12,"column":15},"end":{"line":15,"column":1}},"5":{"start":{"line":13,"column":18},"end":{"line":13,"column":36}},"6":{"start":{"line":14,"column":2},"end":{"line":14,"column":48}},"7":{"start":{"line":14,"column":34},"end":{"line":14,"column":47}},"8":{"start":{"line":19,"column":15},"end":{"line":30,"column":1}},"9":{"start":{"line":21,"column":16},"end":{"line":25,"column":1}},"10":{"start":{"line":27,"column":17},"end":{"line":27,"column":61}},"11":{"start":{"line":28,"column":0},"end":{"line":28,"column":20}},"12":{"start":{"line":32,"column":15},"end":{"line":40,"column":1}},"13":{"start":{"line":34,"column":17},"end":{"line":36,"column":3}},"14":{"start":{"line":38,"column":18},"end":{"line":38,"column":66}},"15":{"start":{"line":39,"column":2},"end":{"line":39,"column":48}},"16":{"start":{"line":39,"column":34},"end":{"line":39,"column":47}},"17":{"start":{"line":43,"column":18},"end":{"line":54,"column":1}},"18":{"start":{"line":45,"column":17},"end":{"line":49,"column":3}},"19":{"start":{"line":51,"column":18},"end":{"line":51,"column":57}},"20":{"start":{"line":52,"column":2},"end":{"line":52,"column":48}},"21":{"start":{"line":52,"column":34},"end":{"line":52,"column":47}}},"fnMap":{"0":{"name":"(anonymous_0)","decl":{"start":{"line":6,"column":17},"end":{"line":6,"column":18}},"loc":{"start":{"line":6,"column":29},"end":{"line":10,"column":1}},"line":6},"1":{"name":"(anonymous_1)","decl":{"start":{"line":12,"column":15},"end":{"line":12,"column":16}},"loc":{"start":{"line":12,"column":21},"end":{"line":15,"column":1}},"line":12},"2":{"name":"(anonymous_2)","decl":{"start":{"line":14,"column":22},"end":{"line":14,"column":23}},"loc":{"start":{"line":14,"column":34},"end":{"line":14,"column":47}},"line":14},"3":{"name":"(anonymous_3)","decl":{"start":{"line":19,"column":15},"end":{"line":19,"column":16}},"loc":{"start":{"line":19,"column":34},"end":{"line":30,"column":1}},"line":19},"4":{"name":"(anonymous_4)","decl":{"start":{"line":32,"column":15},"end":{"line":32,"column":16}},"loc":{"start":{"line":32,"column":34},"end":{"line":40,"column":1}},"line":32},"5":{"name":"(anonymous_5)","decl":{"start":{"line":39,"column":22},"end":{"line":39,"column":23}},"loc":{"start":{"line":39,"column":34},"end":{"line":39,"column":47}},"line":39},"6":{"name":"(anonymous_6)","decl":{"start":{"line":43,"column":18},"end":{"line":43,"column":19}},"loc":{"start":{"line":43,"column":26},"end":{"line":54,"column":1}},"line":43},"7":{"name":"(anonymous_7)","decl":{"start":{"line":52,"column":22},"end":{"line":52,"column":23}},"loc":{"start":{"line":52,"column":34},"end":{"line":52,"column":47}},"line":52}},"branchMap":{},"s":{"0":0,"1":0,"2":0,"3":0,"4":0,"5":0,"6":0,"7":0,"8":0,"9":0,"10":0,"11":0,"12":0,"13":0,"14":0,"15":0,"16":0,"17":0,"18":0,"19":0,"20":0,"21":0},"f":{"0":0,"1":0,"2":0,"3":0,"4":0,"5":0,"6":0,"7":0},"b":{}}
,"/Users/alessandralocatelli/part1/bloglist-frontend/src/services/login.js": {"path":"/Users/alessandralocatelli/part1/bloglist-frontend/src/services/login.js","statementMap":{"0":{"start":{"line":2,"column":16},"end":{"line":2,"column":28}},"1":{"start":{"line":4,"column":14},"end":{"line":9,"column":1}},"2":{"start":{"line":6,"column":17},"end":{"line":6,"column":54}},"3":{"start":{"line":7,"column":0},"end":{"line":7,"column":20}}},"fnMap":{"0":{"name":"(anonymous_0)","decl":{"start":{"line":4,"column":14},"end":{"line":4,"column":15}},"loc":{"start":{"line":4,"column":35},"end":{"line":9,"column":1}},"line":4}},"branchMap":{},"s":{"0":0,"1":0,"2":0,"3":0},"f":{"0":0},"b":{}}
}
